\BOOKMARK [0][-]{chapter.1}{\376\377\000A\000p\000p\000l\000i\000c\000a\000t\000i\000o\000n\000\040\000C\000a\000r\000t}{}% 1
\BOOKMARK [1][-]{section.1.1}{\376\377\000T\000e\000s\000t\000s}{chapter.1}% 2
\BOOKMARK [2][-]{subsection.1.1.1}{\376\377\000T\000e\000s\000t\000\040\000:\000\040\000v\000i\000e\000w\000s}{section.1.1}% 3
\BOOKMARK [1][-]{section.1.2}{\376\377\000V\000i\000e\000w\000s}{chapter.1}% 4
\BOOKMARK [0][-]{chapter.2}{\376\377\000A\000p\000p\000l\000i\000c\000a\000t\000i\000o\000n\000\040\000C\000e\000r\000t\000i\000f\000i\000c\000a\000t\000e\000s}{}% 5
\BOOKMARK [1][-]{section.2.1}{\376\377\000T\000e\000s\000t\000s}{chapter.2}% 6
\BOOKMARK [2][-]{subsection.2.1.1}{\376\377\000T\000e\000s\000t\000\040\000:\000\040\000m\000o\000d\000e\000l\000s}{section.2.1}% 7
\BOOKMARK [2][-]{subsection.2.1.2}{\376\377\000T\000e\000s\000t\000\040\000:\000\040\000v\000i\000e\000w\000s}{section.2.1}% 8
\BOOKMARK [1][-]{section.2.2}{\376\377\000M\000o\000d\000e\000l\000s}{chapter.2}% 9
\BOOKMARK [1][-]{section.2.3}{\376\377\000V\000i\000e\000w\000s}{chapter.2}% 10
\BOOKMARK [0][-]{chapter.3}{\376\377\000A\000p\000p\000l\000i\000c\000a\000t\000i\000o\000n\000\040\000C\000o\000r\000e}{}% 11
\BOOKMARK [1][-]{section.3.1}{\376\377\000M\000i\000d\000d\000l\000e\000w\000a\000r\000e}{chapter.3}% 12
\BOOKMARK [1][-]{section.3.2}{\376\377\000M\000o\000d\000e\000l\000s}{chapter.3}% 13
\BOOKMARK [1][-]{section.3.3}{\376\377\000V\000i\000e\000w\000s}{chapter.3}% 14
\BOOKMARK [0][-]{chapter.4}{\376\377\000A\000p\000p\000l\000i\000c\000a\000t\000i\000o\000n\000\040\000C\000o\000u\000r\000s\000e\000s}{}% 15
\BOOKMARK [1][-]{section.4.1}{\376\377\000T\000e\000m\000p\000l\000a\000t\000e\000t\000a\000g\000s}{chapter.4}% 16
\BOOKMARK [2][-]{subsection.4.1.1}{\376\377\000T\000e\000m\000p\000l\000a\000t\000e\000t\000a\000g\000s\000\040\000:\000\040\000c\000u\000s\000t\000o\000m}{section.4.1}% 17
\BOOKMARK [1][-]{section.4.2}{\376\377\000T\000e\000s\000t\000s}{chapter.4}% 18
\BOOKMARK [2][-]{subsection.4.2.1}{\376\377\000T\000e\000s\000t\000\040\000:\000\040\000m\000o\000d\000e\000l\000s}{section.4.2}% 19
\BOOKMARK [2][-]{subsection.4.2.2}{\376\377\000T\000e\000s\000t\000\040\000:\000\040\000v\000i\000e\000w\000s}{section.4.2}% 20
\BOOKMARK [1][-]{section.4.3}{\376\377\000M\000o\000d\000e\000l\000s}{chapter.4}% 21
\BOOKMARK [1][-]{section.4.4}{\376\377\000V\000i\000e\000w\000s}{chapter.4}% 22
\BOOKMARK [0][-]{chapter.5}{\376\377\000A\000p\000p\000l\000i\000c\000a\000t\000i\000o\000n\000\040\000D\000a\000s\000h\000b\000o\000a\000r\000d}{}% 23
\BOOKMARK [1][-]{section.5.1}{\376\377\000T\000e\000s\000t\000s}{chapter.5}% 24
\BOOKMARK [2][-]{subsection.5.1.1}{\376\377\000T\000e\000s\000t\000\040\000:\000\040\000v\000i\000e\000w\000s}{section.5.1}% 25
\BOOKMARK [1][-]{section.5.2}{\376\377\000C\000o\000n\000t\000e\000x\000t\000\137\000p\000r\000o\000c\000e\000s\000s\000o\000r\000s}{chapter.5}% 26
\BOOKMARK [1][-]{section.5.3}{\376\377\000V\000i\000e\000w\000s}{chapter.5}% 27
\BOOKMARK [0][-]{chapter.6}{\376\377\000A\000p\000p\000l\000i\000c\000a\000t\000i\000o\000n\000\040\000P\000a\000y\000m\000e\000n\000t\000s}{}% 28
\BOOKMARK [1][-]{section.6.1}{\376\377\000T\000e\000s\000t\000s}{chapter.6}% 29
\BOOKMARK [2][-]{subsection.6.1.1}{\376\377\000T\000e\000s\000t\000\040\000:\000\040\000m\000o\000d\000e\000l\000s}{section.6.1}% 30
\BOOKMARK [2][-]{subsection.6.1.2}{\376\377\000T\000e\000s\000t\000\040\000:\000\040\000v\000i\000e\000w\000s}{section.6.1}% 31
\BOOKMARK [1][-]{section.6.2}{\376\377\000M\000o\000d\000e\000l\000s}{chapter.6}% 32
\BOOKMARK [1][-]{section.6.3}{\376\377\000V\000i\000e\000w\000s}{chapter.6}% 33
\BOOKMARK [0][-]{chapter.7}{\376\377\000A\000p\000p\000l\000i\000c\000a\000t\000i\000o\000n\000\040\000U\000s\000e\000r\000s}{}% 34
\BOOKMARK [1][-]{section.7.1}{\376\377\000T\000e\000s\000t\000s}{chapter.7}% 35
\BOOKMARK [2][-]{subsection.7.1.1}{\376\377\000T\000e\000s\000t\000\040\000:\000\040\000m\000o\000d\000e\000l\000s}{section.7.1}% 36
\BOOKMARK [2][-]{subsection.7.1.2}{\376\377\000T\000e\000s\000t\000\040\000:\000\040\000v\000i\000e\000w\000s}{section.7.1}% 37
\BOOKMARK [1][-]{section.7.2}{\376\377\000A\000d\000m\000i\000n}{chapter.7}% 38
\BOOKMARK [1][-]{section.7.3}{\376\377\000B\000a\000c\000k\000e\000n\000d\000s}{chapter.7}% 39
\BOOKMARK [1][-]{section.7.4}{\376\377\000F\000o\000r\000m\000s}{chapter.7}% 40
\BOOKMARK [1][-]{section.7.5}{\376\377\000M\000o\000d\000e\000l\000s}{chapter.7}% 41
\BOOKMARK [1][-]{section.7.6}{\376\377\000V\000i\000e\000w\000s}{chapter.7}% 42
\BOOKMARK [0][-]{chapter.8}{\376\377\000A\000p\000p\000l\000i\000c\000a\000t\000i\000o\000n\000\040\000K\000n\000o\000w\000l\000e\000d\000g\000e\000\137\000l\000e\000a\000r\000n\000i\000n\000g\000\137\000p\000r\000o\000j\000e\000c\000t}{}% 43
\BOOKMARK [1][-]{section.8.1}{\376\377\000K\000n\000o\000w\000l\000e\000d\000g\000e\000\137\000l\000e\000a\000r\000n\000i\000n\000g\000\137\000p\000r\000o\000j\000e\000c\000t\000.\000a\000s\000g\000i}{chapter.8}% 44
\BOOKMARK [1][-]{section.8.2}{\376\377\000K\000n\000o\000w\000l\000e\000d\000g\000e\000\137\000l\000e\000a\000r\000n\000i\000n\000g\000\137\000p\000r\000o\000j\000e\000c\000t\000.\000s\000e\000t\000t\000i\000n\000g\000s}{chapter.8}% 45
\BOOKMARK [1][-]{section.8.3}{\376\377\000K\000n\000o\000w\000l\000e\000d\000g\000e\000\137\000l\000e\000a\000r\000n\000i\000n\000g\000\137\000p\000r\000o\000j\000e\000c\000t\000.\000u\000r\000l\000s}{chapter.8}% 46
\BOOKMARK [1][-]{section.8.4}{\376\377\000K\000n\000o\000w\000l\000e\000d\000g\000e\000\137\000l\000e\000a\000r\000n\000i\000n\000g\000\137\000p\000r\000o\000j\000e\000c\000t\000.\000w\000s\000g\000i}{chapter.8}% 47
\BOOKMARK [0][-]{section*.369}{\376\377\000P\000y\000t\000h\000o\000n\000\040\000M\000o\000d\000u\000l\000e\000\040\000I\000n\000d\000e\000x}{}% 48
\BOOKMARK [0][-]{section*.370}{\376\377\000I\000n\000d\000e\000x}{}% 49
